<?xml version="1.0" encoding="UTF-8"?>
<testng-results ignored="0" total="1" passed="1" failed="0" skipped="0">
  <reporter-output>
  </reporter-output>
  <suite started-at="2023-08-06T14:16:16 IST" name="Default suite" finished-at="2023-08-06T14:16:16 IST" duration-ms="106">
    <groups>
    </groups>
    <test started-at="2023-08-06T14:16:16 IST" name="Default test" finished-at="2023-08-06T14:16:16 IST" duration-ms="106">
      <class name="ecommerceshoping.test3">
        <test-method signature="f1()[pri:0, instance:ecommerceshoping.test3@42a48628]" started-at="2023-08-06T14:16:16 IST" name="f1" finished-at="2023-08-06T14:16:16 IST" duration-ms="21" status="PASS">
          <reporter-output>
          </reporter-output>
        </test-method> <!-- f1 -->
      </class> <!-- ecommerceshoping.test3 -->
    </test> <!-- Default test -->
  </suite> <!-- Default suite -->
</testng-results>
